2023.08.01 10:27:54 INFO  Started: Metals version 1.0.0 in folders '/home/philip/rust-programming/human2.0/app' for client Visual Studio Code 1.80.2.[0m
Aug 01, 2023 10:27:54 AM org.flywaydb.core.internal.license.VersionPrinter printVersionOnly
INFO: Flyway Community Edition 9.20.1 by Redgate
Aug 01, 2023 10:27:54 AM org.flywaydb.core.internal.license.VersionPrinter printVersion
INFO: See release notes here: https://rd.gt/416ObMi
Aug 01, 2023 10:27:54 AM org.flywaydb.core.internal.license.VersionPrinter printVersion
INFO: 
Aug 01, 2023 10:27:55 AM org.flywaydb.core.internal.database.base.BaseDatabaseType createDatabase
INFO: Database: jdbc:h2:file:/home/philip/rust-programming/human2.0/app/.metals/metals (H2 2.1)
Aug 01, 2023 10:27:55 AM org.flywaydb.core.internal.schemahistory.JdbcTableSchemaHistory allAppliedMigrations
INFO: Schema history table "PUBLIC"."flyway_schema_history" does not exist yet
Aug 01, 2023 10:27:55 AM org.flywaydb.core.internal.command.DbValidate validate
INFO: Successfully validated 4 migrations (execution time 00:00.035s)
Aug 01, 2023 10:27:55 AM org.flywaydb.core.internal.schemahistory.JdbcTableSchemaHistory create
INFO: Creating Schema History table "PUBLIC"."flyway_schema_history" ...
Aug 01, 2023 10:27:55 AM org.flywaydb.core.internal.command.DbMigrate migrateGroup
INFO: Current version of schema "PUBLIC": << Empty Schema >>
Aug 01, 2023 10:27:55 AM org.flywaydb.core.internal.command.DbMigrate doMigrateGroup
INFO: Migrating schema "PUBLIC" to version "1 - Create tables"
Aug 01, 2023 10:27:55 AM org.flywaydb.core.internal.command.DbMigrate doMigrateGroup
INFO: Migrating schema "PUBLIC" to version "2 - Server discovery"
Aug 01, 2023 10:27:55 AM org.flywaydb.core.internal.command.DbMigrate doMigrateGroup
INFO: Migrating schema "PUBLIC" to version "3 - Jar symbols"
Aug 01, 2023 10:27:55 AM org.flywaydb.core.internal.command.DbMigrate doMigrateGroup
INFO: Migrating schema "PUBLIC" to version "4 - Fingerprints"
Aug 01, 2023 10:27:55 AM org.flywaydb.core.internal.command.DbMigrate logSummary
INFO: Successfully applied 4 migrations to schema "PUBLIC", now at version v4 (execution time 00:00.041s)
2023.08.01 10:27:56 INFO  time: initialize in 1.54s[0m
2023.08.01 10:28:01 WARN  Build server is not auto-connectable.[0m
2023.08.01 10:28:01 WARN  no build tool detected in workspace '/home/philip/rust-programming/human2.0/app'. The most common cause for this problem is that the editor was opened in the wrong working directory, for example if you use sbt then the workspace directory should contain build.sbt. [0m
Aug 01, 2023 10:39:13 AM org.eclipse.lsp4j.jsonrpc.services.GenericEndpoint notify
INFO: Unsupported notification method: $/setTrace
